2025-12-29 19:41:02 - root - INFO - Logging initialized
2025-12-29 19:41:02 - __main__ - INFO - Starting GestureControl Pro...
2025-12-29 19:41:02 - database.db_manager - INFO - Database initialized successfully
2025-12-29 19:42:44 - root - INFO - Logging initialized
2025-12-29 19:42:44 - __main__ - INFO - Starting GestureControl Pro...
2025-12-29 19:42:44 - database.db_manager - INFO - Database initialized successfully
2025-12-29 19:43:40 - root - INFO - Logging initialized
2025-12-29 19:43:40 - __main__ - INFO - Starting GestureControl Pro...
2025-12-29 19:43:40 - database.db_manager - INFO - Database initialized successfully
2025-12-29 19:48:59 - root - INFO - Logging initialized
2025-12-29 19:48:59 - __main__ - INFO - Starting GestureControl Pro...
2025-12-29 19:48:59 - database.db_manager - INFO - Database initialized successfully
2025-12-29 20:01:10 - root - INFO - Logging initialized
2025-12-29 20:01:10 - __main__ - INFO - Starting GestureControl Pro...
2025-12-29 20:01:10 - database.db_manager - INFO - Database initialized successfully
2025-12-29 20:01:10 - core.hand_detector - INFO - HandDetector initialized with MediaPipe
2025-12-29 20:01:11 - core.hand_detector - INFO - HandDetector initialized with MediaPipe
2025-12-29 20:01:12 - __main__ - INFO - Application started successfully
2025-12-29 20:02:17 - core.dataset_manager - INFO - Created gesture directory: datasets\open_plam
2025-12-29 20:03:35 - gui.widgets.camera_widget - INFO - Camera started: device 0
2025-12-29 20:05:58 - root - INFO - Logging initialized
2025-12-29 20:05:58 - __main__ - INFO - Starting GestureControl Pro...
2025-12-29 20:05:58 - database.db_manager - INFO - Database initialized successfully
2025-12-29 20:05:58 - core.hand_detector - INFO - HandDetector initialized with MediaPipe
2025-12-29 20:05:59 - core.hand_detector - INFO - HandDetector initialized with MediaPipe
2025-12-29 20:05:59 - __main__ - INFO - Application started successfully
2025-12-29 20:06:50 - gui.widgets.camera_widget - INFO - Camera started: device 0
2025-12-29 20:07:34 - core.gesture_capturer - INFO - Started capture session for 'open_plam' - target: 100
2025-12-29 20:07:39 - core.gesture_capturer - INFO - Capture complete: 100 images for 'open_plam'
2025-12-29 20:07:45 - core.gesture_capturer - INFO - Started capture session for 'open_plam' - target: 100
2025-12-29 20:07:50 - core.gesture_capturer - INFO - Capture complete: 100 images for 'open_plam'
2025-12-29 20:07:53 - core.gesture_capturer - INFO - Started capture session for 'open_plam' - target: 100
2025-12-29 20:07:58 - core.gesture_capturer - INFO - Capture complete: 100 images for 'open_plam'
2025-12-29 20:08:01 - core.gesture_capturer - INFO - Started capture session for 'open_plam' - target: 100
2025-12-29 20:08:06 - core.gesture_capturer - INFO - Capture complete: 100 images for 'open_plam'
2025-12-29 20:08:09 - core.gesture_capturer - INFO - Started capture session for 'open_plam' - target: 100
2025-12-29 20:08:14 - core.gesture_capturer - INFO - Capture complete: 100 images for 'open_plam'
2025-12-29 20:08:24 - core.gesture_capturer - INFO - Started capture session for 'open_plam' - target: 100
2025-12-29 20:08:29 - core.gesture_capturer - INFO - Capture complete: 100 images for 'open_plam'
2025-12-29 20:08:37 - core.gesture_capturer - INFO - Started capture session for 'open_plam' - target: 100
2025-12-29 20:08:42 - core.gesture_capturer - INFO - Capture complete: 100 images for 'open_plam'
2025-12-29 20:08:43 - gui.widgets.camera_widget - INFO - Camera stopped
2025-12-29 20:11:05 - core.augmentation - INFO - Created 2100 augmented images
2025-12-29 20:11:22 - gui.widgets.camera_widget - INFO - Camera started: device 0
2025-12-29 20:11:37 - core.gesture_capturer - INFO - Started capture session for 'thumb' - target: 100
2025-12-29 20:11:42 - core.gesture_capturer - INFO - Capture complete: 100 images for 'thumb'
2025-12-29 20:11:44 - core.gesture_capturer - INFO - Started capture session for 'thumb' - target: 100
2025-12-29 20:11:49 - core.gesture_capturer - INFO - Capture complete: 100 images for 'thumb'
2025-12-29 20:11:57 - core.gesture_capturer - INFO - Started capture session for 'thumb' - target: 100
2025-12-29 20:12:02 - core.gesture_capturer - INFO - Capture complete: 100 images for 'thumb'
2025-12-29 20:12:10 - core.gesture_capturer - INFO - Started capture session for 'thumb' - target: 100
2025-12-29 20:12:15 - core.gesture_capturer - INFO - Capture complete: 100 images for 'thumb'
2025-12-29 20:12:18 - core.gesture_capturer - INFO - Started capture session for 'thumb' - target: 100
2025-12-29 20:12:25 - core.gesture_capturer - INFO - Capture complete: 100 images for 'thumb'
2025-12-29 20:13:26 - gui.widgets.camera_widget - INFO - Camera stopped
2025-12-29 20:13:48 - core.dataset_manager - INFO - Prepared dataset: 3300 images, 2 classes
2025-12-29 20:13:54 - core.model_trainer - INFO - Built GestureCNN with 489,282 parameters
2025-12-29 20:22:02 - core.dataset_manager - INFO - Deleted gesture: open_plam
2025-12-29 20:28:07 - core.dataset_manager - INFO - Imported dataset from C:/Users/patil/Downloads/leapGestRecog/00/05_thumb
2025-12-29 20:28:24 - core.dataset_manager - INFO - Created gesture directory: datasets\thumb
2025-12-29 20:28:42 - core.dataset_manager - INFO - Deleted gesture: thumb
2025-12-29 20:29:26 - root - INFO - Logging initialized
2025-12-29 20:29:26 - __main__ - INFO - Starting GestureControl Pro...
2025-12-29 20:29:26 - database.db_manager - INFO - Database initialized successfully
2025-12-29 20:29:26 - core.hand_detector - INFO - HandDetector initialized with MediaPipe
2025-12-29 20:29:26 - core.hand_detector - INFO - HandDetector initialized with MediaPipe
2025-12-29 20:29:27 - __main__ - INFO - Application started successfully
2025-12-29 20:31:08 - core.dataset_manager - INFO - Created gesture directory: datasets\plam
2025-12-29 20:31:22 - core.dataset_manager - INFO - Imported dataset from C:/Users/patil/Downloads/leapGestRecog/08/01_palm
2025-12-29 20:31:35 - core.dataset_manager - INFO - Imported dataset from C:/Users/patil/Downloads/leapGestRecog/08/01_palm
2025-12-29 20:32:14 - gui.widgets.camera_widget - INFO - Camera started: device 0
2025-12-29 20:32:40 - core.gesture_capturer - INFO - Started capture session for 'thumb' - target: 100
2025-12-29 20:32:46 - core.gesture_capturer - INFO - Capture complete: 100 images for 'thumb'
2025-12-29 20:33:19 - core.gesture_capturer - INFO - Started capture session for 'thumb' - target: 100
2025-12-29 20:33:26 - core.gesture_capturer - INFO - Capture complete: 100 images for 'thumb'
2025-12-29 20:34:21 - core.gesture_capturer - INFO - Started capture session for 'thumb' - target: 100
2025-12-29 20:34:28 - core.gesture_capturer - INFO - Capture complete: 100 images for 'thumb'
2025-12-29 20:35:12 - core.dataset_manager - INFO - Deleted gesture: plam
2025-12-29 20:37:09 - gui.widgets.camera_widget - INFO - Camera stopped
2025-12-29 20:37:51 - gui.widgets.camera_widget - INFO - Camera started: device 0
2025-12-29 20:38:06 - core.gesture_capturer - INFO - Started capture session for 'thumb_training' - target: 100
2025-12-29 20:38:11 - core.gesture_capturer - INFO - Capture complete: 100 images for 'thumb_training'
2025-12-29 20:38:28 - core.gesture_capturer - INFO - Started capture session for 'thumb' - target: 100
2025-12-29 20:38:33 - core.gesture_capturer - INFO - Capture complete: 100 images for 'thumb'
2025-12-29 20:38:38 - core.gesture_capturer - INFO - Started capture session for 'thumb' - target: 100
2025-12-29 20:38:43 - core.gesture_capturer - INFO - Capture complete: 100 images for 'thumb'
2025-12-29 20:38:47 - gui.widgets.camera_widget - INFO - Camera stopped
2025-12-29 20:39:36 - core.dataset_manager - INFO - Created gesture directory: datasets\thumb_training
2025-12-29 20:40:26 - core.gesture_capturer - INFO - Started capture session for 'thumb_training' - target: 100
2025-12-29 20:40:27 - gui.widgets.camera_widget - INFO - Camera started: device 0
2025-12-29 20:40:32 - core.gesture_capturer - INFO - Capture complete: 0 images for 'thumb_training'
2025-12-29 20:45:56 - root - INFO - Logging initialized
2025-12-29 20:45:56 - __main__ - INFO - Starting GestureControl Pro...
2025-12-29 20:45:56 - database.db_manager - INFO - Database initialized successfully
2025-12-29 20:45:56 - core.hand_detector - INFO - HandDetector initialized with MediaPipe
2025-12-29 20:45:56 - core.hand_detector - INFO - HandDetector initialized with MediaPipe
2025-12-29 20:45:57 - __main__ - INFO - Application started successfully
2025-12-29 20:46:30 - core.dataset_manager - INFO - Deleted gesture: thumb
2025-12-29 20:46:33 - core.dataset_manager - INFO - Deleted gesture: thumb_training
2025-12-29 20:46:42 - core.dataset_manager - INFO - Created gesture directory: datasets\plam
2025-12-29 20:46:50 - core.dataset_manager - INFO - Created gesture directory: datasets\plam_t
2025-12-29 20:46:56 - gui.widgets.camera_widget - INFO - Camera started: device 0
2025-12-29 20:48:26 - gui.widgets.camera_widget - INFO - Camera stopped
2025-12-29 20:48:34 - gui.widgets.camera_widget - INFO - Camera started: device 1
2025-12-29 20:48:34 - gui.widgets.camera_widget - ERROR - Camera error: Failed to open camera 1
2025-12-29 20:48:37 - gui.widgets.camera_widget - INFO - Camera started: device 0
2025-12-29 20:49:57 - root - INFO - Logging initialized
2025-12-29 20:49:57 - __main__ - INFO - Starting GestureControl Pro...
2025-12-29 20:49:57 - database.db_manager - INFO - Database initialized successfully
2025-12-29 20:49:57 - core.hand_detector - INFO - HandDetector initialized with MediaPipe
2025-12-29 20:49:57 - core.hand_detector - INFO - HandDetector initialized with MediaPipe
2025-12-29 20:49:58 - __main__ - INFO - Application started successfully
2025-12-29 20:50:10 - gui.widgets.camera_widget - INFO - Camera started: device 0
2025-12-29 20:50:24 - core.gesture_capturer - INFO - Started capture session for 'plam' - target: 100
2025-12-29 20:50:29 - core.gesture_capturer - INFO - Capture complete: 100 images for 'plam'
2025-12-29 20:50:33 - core.gesture_capturer - INFO - Started capture session for 'plam' - target: 100
2025-12-29 20:50:38 - core.gesture_capturer - INFO - Capture complete: 100 images for 'plam'
2025-12-29 20:50:43 - core.gesture_capturer - INFO - Started capture session for 'plam' - target: 100
2025-12-29 20:50:48 - core.gesture_capturer - INFO - Capture complete: 100 images for 'plam'
2025-12-29 20:50:54 - core.gesture_capturer - INFO - Started capture session for 'plam_t' - target: 100
2025-12-29 20:50:59 - core.gesture_capturer - INFO - Capture complete: 100 images for 'plam_t'
2025-12-29 20:51:01 - core.gesture_capturer - INFO - Started capture session for 'plam_t' - target: 100
2025-12-29 20:51:06 - core.gesture_capturer - INFO - Capture complete: 100 images for 'plam_t'
2025-12-29 20:51:10 - gui.widgets.camera_widget - INFO - Camera stopped
2025-12-29 20:51:30 - core.augmentation - INFO - Created 600 augmented images
2025-12-29 20:51:38 - core.augmentation - INFO - Created 600 augmented images
2025-12-29 20:51:52 - core.dataset_manager - INFO - Prepared dataset: 1100 images, 2 classes
2025-12-29 20:51:53 - core.model_trainer - INFO - Built GestureCNN with 489,282 parameters
2025-12-29 20:53:33 - core.dataset_manager - INFO - Prepared dataset: 1100 images, 2 classes
2025-12-29 20:53:34 - core.model_trainer - INFO - Built GestureCNN with 489,282 parameters
2025-12-29 20:54:00 - core.dataset_manager - INFO - Prepared dataset: 1100 images, 2 classes
2025-12-29 20:54:18 - core.dataset_manager - INFO - Prepared dataset: 1100 images, 2 classes
2025-12-29 20:54:34 - core.dataset_manager - INFO - Imported dataset from C:/Users/patil/Downloads/leapGestRecog/leapGestRecog/09/01_palm
2025-12-29 20:54:56 - core.dataset_manager - INFO - Exported dataset to C:/Users/patil/OneDrive/Desktop/New folder/plam
2026-01-09 13:46:00 - root - INFO - Logging initialized
2026-01-09 13:46:00 - __main__ - INFO - Starting GestureControl Pro...
2026-01-09 13:46:00 - database.db_manager - INFO - Database initialized successfully
2026-01-09 13:46:00 - core.hand_detector - INFO - HandDetector initialized with MediaPipe
2026-01-09 13:46:00 - core.hand_detector - INFO - HandDetector initialized with MediaPipe
2026-01-09 13:46:01 - __main__ - INFO - Application started successfully
2026-01-09 13:46:21 - gui.widgets.camera_widget - INFO - Camera stopped
2026-01-09 13:46:21 - gui.widgets.camera_widget - INFO - Camera stopped
2026-01-09 13:47:51 - root - INFO - Logging initialized
2026-01-09 13:47:51 - __main__ - INFO - Starting GestureControl Pro...
2026-01-09 13:47:51 - database.db_manager - INFO - Database initialized successfully
2026-01-09 13:47:51 - core.hand_detector - INFO - HandDetector initialized with MediaPipe
2026-01-09 13:47:52 - core.hand_detector - INFO - HandDetector initialized with MediaPipe
2026-01-09 13:47:52 - __main__ - INFO - Application started successfully
2026-01-09 13:48:05 - gui.widgets.camera_widget - INFO - Camera stopped
2026-01-09 13:48:05 - gui.widgets.camera_widget - INFO - Camera stopped
2026-01-09 13:51:56 - root - INFO - Logging initialized
2026-01-09 13:51:56 - __main__ - INFO - Starting GestureControl Pro...
2026-01-09 13:51:56 - database.db_manager - INFO - Database initialized successfully
2026-01-09 13:51:56 - core.hand_detector - INFO - HandDetector initialized with MediaPipe
2026-01-09 13:51:57 - core.hand_detector - INFO - HandDetector initialized with MediaPipe
2026-01-09 13:51:58 - __main__ - INFO - Application started successfully
2026-01-09 13:52:10 - gui.widgets.camera_widget - INFO - Camera stopped
2026-01-09 13:52:10 - gui.widgets.camera_widget - INFO - Camera stopped
2026-01-09 14:02:39 - root - INFO - Logging initialized
2026-01-09 14:02:39 - __main__ - INFO - Starting GestureControl Pro...
2026-01-09 14:02:39 - database.db_manager - INFO - Database initialized successfully
2026-01-09 14:02:39 - core.hand_detector - INFO - HandDetector initialized with MediaPipe
2026-01-09 14:02:40 - core.hand_detector - INFO - HandDetector initialized with MediaPipe
2026-01-09 14:02:41 - __main__ - INFO - Application started successfully
2026-01-09 14:04:18 - core.dataset_manager - INFO - Prepared dataset: 2100 images, 2 classes
2026-01-09 14:04:20 - core.model_trainer - INFO - Built GestureCNN with 489,282 parameters
2026-01-09 14:04:38 - gui.widgets.camera_widget - INFO - Camera started: device 0
2026-01-09 14:04:54 - core.gesture_capturer - INFO - Started capture session for 'thumb' - target: 100
2026-01-09 14:05:01 - core.gesture_capturer - INFO - Capture complete: 100 images for 'thumb'
2026-01-09 14:05:22 - gui.widgets.camera_widget - INFO - Camera stopped
2026-01-09 14:05:45 - core.augmentation - INFO - Created 300 augmented images
2026-01-09 14:06:01 - core.augmentation - INFO - Created 300 augmented images
2026-01-09 14:06:21 - core.augmentation - INFO - Created 300 augmented images
2026-01-09 14:06:28 - core.augmentation - INFO - Created 300 augmented images
2026-01-09 14:06:39 - core.augmentation - INFO - Created 1200 augmented images
2026-01-09 14:09:35 - core.dataset_manager - INFO - Deleted gesture: plam_t
2026-01-09 14:09:40 - core.dataset_manager - INFO - Deleted gesture: thumb
2026-01-09 14:09:49 - core.dataset_manager - INFO - Deleted gesture: plam
2026-01-09 14:10:27 - root - INFO - Logging initialized
2026-01-09 14:10:27 - __main__ - INFO - Starting GestureControl Pro...
2026-01-09 14:10:27 - database.db_manager - INFO - Database initialized successfully
2026-01-09 14:10:27 - core.hand_detector - INFO - HandDetector initialized with MediaPipe
2026-01-09 14:10:28 - core.hand_detector - INFO - HandDetector initialized with MediaPipe
2026-01-09 14:10:28 - __main__ - INFO - Application started successfully
2026-01-09 14:11:37 - gui.widgets.camera_widget - INFO - Camera stopped
2026-01-09 14:11:37 - gui.widgets.camera_widget - INFO - Camera stopped
2026-01-09 14:11:45 - root - INFO - Logging initialized
2026-01-09 14:11:45 - __main__ - INFO - Starting GestureControl Pro...
2026-01-09 14:11:45 - database.db_manager - INFO - Database initialized successfully
2026-01-09 14:11:45 - core.hand_detector - INFO - HandDetector initialized with MediaPipe
2026-01-09 14:11:46 - core.hand_detector - INFO - HandDetector initialized with MediaPipe
2026-01-09 14:11:46 - __main__ - INFO - Application started successfully
2026-01-09 14:11:54 - gui.widgets.camera_widget - INFO - Camera stopped
2026-01-09 14:11:54 - gui.widgets.camera_widget - INFO - Camera stopped
2026-01-09 14:14:17 - root - INFO - Logging initialized
2026-01-09 14:14:17 - __main__ - INFO - Starting GestureControl Pro...
2026-01-09 14:14:17 - database.db_manager - INFO - Database initialized successfully
2026-01-09 14:14:17 - core.hand_detector - INFO - HandDetector initialized with MediaPipe
2026-01-09 14:14:18 - core.hand_detector - INFO - HandDetector initialized with MediaPipe
2026-01-09 14:14:38 - root - INFO - Logging initialized
2026-01-09 14:14:38 - __main__ - INFO - Starting GestureControl Pro...
2026-01-09 14:14:38 - database.db_manager - INFO - Database initialized successfully
2026-01-09 14:14:38 - core.hand_detector - INFO - HandDetector initialized with MediaPipe
2026-01-09 14:14:39 - core.hand_detector - INFO - HandDetector initialized with MediaPipe
2026-01-09 14:14:39 - __main__ - INFO - Application started successfully
2026-01-09 14:15:05 - gui.widgets.camera_widget - INFO - Camera stopped
2026-01-09 14:15:05 - gui.widgets.camera_widget - INFO - Camera stopped
2026-01-09 14:22:35 - root - INFO - Logging initialized
2026-01-09 14:22:35 - __main__ - INFO - Starting GestureControl Pro...
2026-01-09 14:22:35 - database.db_manager - INFO - Database initialized successfully
2026-01-09 14:22:35 - core.hand_detector - INFO - HandDetector initialized with MediaPipe
2026-01-09 14:22:36 - core.hand_detector - INFO - HandDetector initialized with MediaPipe
2026-01-09 14:22:37 - __main__ - INFO - Application started successfully
2026-01-09 14:23:05 - root - INFO - Logging initialized
2026-01-09 14:23:05 - __main__ - INFO - Starting GestureControl Pro...
2026-01-09 14:23:05 - database.db_manager - INFO - Database initialized successfully
2026-01-09 14:23:05 - core.hand_detector - INFO - HandDetector initialized with MediaPipe
2026-01-09 14:23:06 - core.hand_detector - INFO - HandDetector initialized with MediaPipe
2026-01-09 14:23:06 - __main__ - INFO - Application started successfully
2026-01-09 14:23:38 - root - INFO - Logging initialized
2026-01-09 14:23:38 - __main__ - INFO - Starting GestureControl Pro...
2026-01-09 14:23:38 - database.db_manager - INFO - Database initialized successfully
2026-01-09 14:23:38 - core.hand_detector - INFO - HandDetector initialized with MediaPipe
2026-01-09 14:23:38 - core.hand_detector - INFO - HandDetector initialized with MediaPipe
2026-01-09 14:23:39 - __main__ - INFO - Application started successfully
2026-01-09 14:26:44 - root - INFO - Logging initialized
2026-01-09 14:26:44 - __main__ - INFO - Starting GestureControl Pro...
2026-01-09 14:26:44 - database.db_manager - INFO - Database initialized successfully
2026-01-09 14:26:44 - core.hand_detector - INFO - HandDetector initialized with MediaPipe
2026-01-09 14:26:44 - core.hand_detector - INFO - HandDetector initialized with MediaPipe
2026-01-09 14:26:45 - __main__ - INFO - Application started successfully
2026-01-09 14:27:18 - root - INFO - Logging initialized
2026-01-09 14:27:18 - __main__ - INFO - Starting GestureControl Pro...
2026-01-09 14:27:18 - database.db_manager - INFO - Database initialized successfully
2026-01-09 14:27:18 - core.hand_detector - INFO - HandDetector initialized with MediaPipe
2026-01-09 14:27:18 - core.hand_detector - INFO - HandDetector initialized with MediaPipe
2026-01-09 14:27:19 - __main__ - INFO - Application started successfully
2026-01-09 14:27:45 - root - INFO - Logging initialized
2026-01-09 14:27:45 - __main__ - INFO - Starting GestureControl Pro...
2026-01-09 14:27:45 - database.db_manager - INFO - Database initialized successfully
2026-01-09 14:27:45 - core.hand_detector - INFO - HandDetector initialized with MediaPipe
2026-01-09 14:27:46 - core.hand_detector - INFO - HandDetector initialized with MediaPipe
2026-01-09 14:27:46 - __main__ - INFO - Application started successfully
2026-01-09 14:28:11 - root - INFO - Logging initialized
2026-01-09 14:28:11 - __main__ - INFO - Starting GestureControl Pro...
2026-01-09 14:28:11 - database.db_manager - INFO - Database initialized successfully
2026-01-09 14:28:11 - core.hand_detector - INFO - HandDetector initialized with MediaPipe
2026-01-09 14:28:12 - core.hand_detector - INFO - HandDetector initialized with MediaPipe
2026-01-09 14:28:12 - __main__ - INFO - Application started successfully
2026-01-09 14:32:44 - root - INFO - Logging initialized
2026-01-09 14:32:44 - __main__ - INFO - Starting GestureControl Pro...
2026-01-09 14:32:44 - database.db_manager - INFO - Database initialized successfully
2026-01-09 14:32:44 - core.hand_detector - INFO - HandDetector initialized with MediaPipe
2026-01-09 14:32:44 - core.hand_detector - INFO - HandDetector initialized with MediaPipe
2026-01-09 14:32:45 - __main__ - INFO - Application started successfully
2026-01-09 14:33:16 - gui.widgets.camera_widget - INFO - Camera started: device 0
2026-01-09 14:35:20 - gui.widgets.camera_widget - INFO - Camera stopped
2026-01-09 14:35:22 - gui.widgets.camera_widget - INFO - Camera started: device 0
2026-01-09 14:35:59 - gui.widgets.camera_widget - INFO - Camera stopped
2026-01-09 14:36:06 - gui.widgets.camera_widget - INFO - Camera started: device 0
2026-01-09 14:36:28 - core.gesture_capturer - INFO - Started capture session for 'plam' - target: 100
2026-01-09 14:36:33 - core.gesture_capturer - INFO - Capture complete: 100 images for 'plam'
2026-01-09 14:36:55 - core.augmentation - INFO - Created 300 augmented images
2026-01-09 14:37:17 - core.augmentation - INFO - Created 300 augmented images
2026-01-09 14:37:39 - core.augmentation - INFO - Created 300 augmented images
2026-01-09 14:37:48 - core.augmentation - INFO - Created 300 augmented images
2026-01-09 14:37:49 - core.augmentation - INFO - Created 300 augmented images
2026-01-09 14:37:50 - core.augmentation - INFO - Created 300 augmented images
2026-01-09 14:37:51 - core.augmentation - INFO - Created 300 augmented images
2026-01-09 14:37:52 - core.augmentation - INFO - Created 300 augmented images
2026-01-09 14:37:53 - core.augmentation - INFO - Created 300 augmented images
2026-01-09 14:38:00 - core.augmentation - INFO - Created 300 augmented images
2026-01-09 14:38:01 - core.augmentation - INFO - Created 300 augmented images
2026-01-09 14:38:02 - core.augmentation - INFO - Created 300 augmented images
2026-01-09 14:38:03 - core.augmentation - INFO - Created 300 augmented images
2026-01-09 14:38:12 - core.augmentation - INFO - Created 285 augmented images
2026-01-09 14:40:19 - gui.widgets.camera_widget - INFO - Camera stopped
2026-01-09 14:40:19 - gui.widgets.camera_widget - INFO - Camera stopped
2026-01-09 14:41:45 - root - INFO - Logging initialized
2026-01-09 14:41:45 - __main__ - INFO - Starting GestureControl Pro...
2026-01-09 14:41:45 - database.db_manager - INFO - Database initialized successfully
2026-01-09 14:41:45 - core.hand_detector - INFO - HandDetector initialized with MediaPipe
2026-01-09 14:41:46 - core.hand_detector - INFO - HandDetector initialized with MediaPipe
2026-01-09 14:41:46 - __main__ - INFO - Application started successfully
2026-01-09 14:42:02 - gui.widgets.camera_widget - INFO - Camera started: device 0
2026-01-09 14:42:18 - core.augmentation - INFO - Created 1200 augmented images
2026-01-09 14:42:30 - core.augmentation - INFO - Created 1200 augmented images
2026-01-09 14:42:46 - core.augmentation - INFO - Created 1200 augmented images
2026-01-09 14:43:00 - core.augmentation - INFO - Created 1200 augmented images
2026-01-09 14:43:05 - core.augmentation - INFO - Created 1200 augmented images
2026-01-09 14:43:12 - core.augmentation - INFO - Created 1200 augmented images
2026-01-09 15:03:56 - root - INFO - Logging initialized
2026-01-09 15:03:56 - __main__ - INFO - Starting GestureControl Pro...
2026-01-09 15:03:56 - database.db_manager - INFO - Database initialized successfully
2026-01-09 15:03:57 - core.hand_detector - INFO - HandDetector initialized with MediaPipe
2026-01-09 15:03:57 - core.hand_detector - INFO - HandDetector initialized with MediaPipe
2026-01-09 15:03:58 - __main__ - INFO - Application started successfully
2026-01-09 15:04:29 - gui.widgets.camera_widget - INFO - Camera stopped
2026-01-09 15:04:29 - gui.widgets.camera_widget - INFO - Camera stopped
